android/app/build/intermediates/manifest_merge_blame_file/release/manifest-merger-blame-release-report.txt
1<?xml version="1.0" encoding="utf-8"?>
2<manifest xmlns:android="http://schemas.android.com/apk/res/android"
3    package="org.evillage.khawlafoundation"
4    android:versionCode="53"
5    android:versionName="1.2" >
6
7    <uses-sdk
8        android:minSdkVersion="21"
8-->src/main/AndroidManifest.xml
9        android:targetSdkVersion="31" />
9-->src/main/AndroidManifest.xml
10
11    <uses-permission android:name="android.permission.INTERNET" />
11-->src/main/AndroidManifest.xml:6:5-67
11-->src/main/AndroidManifest.xml:6:22-64
12    <uses-permission android:name="android.permission.ACCESS_COARSE_LOCATION" />
12-->src/main/AndroidManifest.xml:7:6-82
12-->src/main/AndroidManifest.xml:7:23-79
13    <uses-permission android:name="android.permission.ACCESS_FINE_LOCATION" />
13-->src/main/AndroidManifest.xml:8:9-83
13-->src/main/AndroidManifest.xml:8:26-80
14
15    <uses-feature android:name="android.hardware.location.gps" />
15-->src/main/AndroidManifest.xml:9:9-69
15-->src/main/AndroidManifest.xml:9:23-67
16
17    <uses-permission android:name="android.permission.READ_EXTERNAL_STORAGE" />
17-->src/main/AndroidManifest.xml:10:9-83
17-->src/main/AndroidManifest.xml:10:26-81
18    <uses-permission android:name="android.permission.WAKE_LOCK" />
18-->[:react-native-firebase] AndroidManifest.xml:10:5-68
18-->[:react-native-firebase] AndroidManifest.xml:10:22-65
19    <uses-permission android:name="android.permission.ACCESS_NETWORK_STATE" />
19-->[:react-native-firebase] AndroidManifest.xml:11:5-79
19-->[:react-native-firebase] AndroidManifest.xml:11:22-76
20    <uses-permission android:name="com.google.android.finsky.permission.BIND_GET_INSTALL_REFERRER_SERVICE" />
20-->[com.google.firebase:firebase-analytics:15.0.2] AndroidManifest.xml:26:5-110
20-->[com.google.firebase:firebase-analytics:15.0.2] AndroidManifest.xml:26:22-107
21    <uses-permission android:name="android.permission.WRITE_EXTERNAL_STORAGE" /> <!-- Required to access Google Play Licensing -->
21-->[:react-native-image-crop-picker] AndroidManifest.xml:9:5-81
21-->[:react-native-image-crop-picker] AndroidManifest.xml:9:22-78
22    <uses-permission android:name="com.android.vending.CHECK_LICENSE" /> <!-- Required to check whether Wi-Fi is enabled -->
22-->[:rn-fetch-blob] AndroidManifest.xml:10:5-73
22-->[:rn-fetch-blob] AndroidManifest.xml:10:22-70
23    <uses-permission android:name="android.permission.ACCESS_WIFI_STATE" /> <!-- Required by older versions of Google Play services to create IID tokens -->
23-->[:rn-fetch-blob] AndroidManifest.xml:28:5-76
23-->[:rn-fetch-blob] AndroidManifest.xml:28:22-73
24    <uses-permission android:name="com.google.android.c2dm.permission.RECEIVE" />
24-->[com.google.android.gms:play-services-iid:17.0.0] AndroidManifest.xml:23:5-82
24-->[com.google.android.gms:play-services-iid:17.0.0] AndroidManifest.xml:23:22-79
25
26    <uses-feature
26-->[com.google.android.gms:play-services-maps:16.1.0] AndroidManifest.xml:26:5-28:35
27        android:glEsVersion="0x00020000"
27-->[com.google.android.gms:play-services-maps:16.1.0] AndroidManifest.xml:27:9-41
28        android:required="true" />
28-->[com.google.android.gms:play-services-maps:16.1.0] AndroidManifest.xml:28:9-32
29
30    <uses-permission android:name="android.permission.READ_PHONE_STATE" />
31
32    <application
32-->src/main/AndroidManifest.xml:11:5-63:19
33        android:name="org.evillage.khawlafoundation.MainApplication"
33-->src/main/AndroidManifest.xml:12:7-38
34        android:allowBackup="false"
34-->src/main/AndroidManifest.xml:16:7-34
35        android:appComponentFactory="androidx.core.app.CoreComponentFactory"
35-->[androidx.core:core:1.1.0] AndroidManifest.xml:24:18-86
36        android:icon="@mipmap/ic_launcher"
36-->src/main/AndroidManifest.xml:14:7-41
37        android:label="@string/app_name"
37-->src/main/AndroidManifest.xml:13:7-39
38        android:roundIcon="@mipmap/ic_launcher_round"
38-->src/main/AndroidManifest.xml:15:7-52
39        android:supportsRtl="true"
39-->[com.facebook.android:facebook-android-sdk:5.15.3] AndroidManifest.xml:28:18-44
40        android:theme="@style/AppTheme"
40-->src/main/AndroidManifest.xml:17:7-38
41        android:usesCleartextTraffic="true" >
41-->src/main/AndroidManifest.xml:18:7-42
42        <activity
42-->src/main/AndroidManifest.xml:21:7-32:18
43            android:name="org.evillage.khawlafoundation.MainActivity"
43-->src/main/AndroidManifest.xml:22:9-37
44            android:configChanges="keyboard|keyboardHidden|orientation|screenSize"
44-->src/main/AndroidManifest.xml:25:9-79
45            android:exported="true"
45-->src/main/AndroidManifest.xml:23:9-32
46            android:label="@string/app_name"
46-->src/main/AndroidManifest.xml:24:9-41
47            android:screenOrientation="portrait"
47-->src/main/AndroidManifest.xml:27:9-45
48            android:windowSoftInputMode="adjustResize" >
48-->src/main/AndroidManifest.xml:26:9-51
49            <intent-filter>
49-->src/main/AndroidManifest.xml:28:9-31:25
50                <action android:name="android.intent.action.MAIN" />
50-->src/main/AndroidManifest.xml:29:13-65
50-->src/main/AndroidManifest.xml:29:21-62
51
52                <category android:name="android.intent.category.LAUNCHER" />
52-->src/main/AndroidManifest.xml:30:13-73
52-->src/main/AndroidManifest.xml:30:23-70
53            </intent-filter>
54        </activity>
55        <activity
55-->src/main/AndroidManifest.xml:33:7-34:100
56            android:name="com.facebook.react.devsupport.DevSettingsActivity"
56-->src/main/AndroidManifest.xml:34:33-97
57            android:exported="true" />
57-->src/main/AndroidManifest.xml:34:9-32
58
59        <meta-data
59-->src/main/AndroidManifest.xml:35:10-37:63
60            android:name="com.google.android.geo.API_KEY"
60-->src/main/AndroidManifest.xml:36:6-51
61            android:value="AIzaSyDrujuR79TWAJWcGSBakZBuQNYsdpD78YA" />
61-->src/main/AndroidManifest.xml:37:6-61
62        <!--
63<service
64    android:name=".java.MyFirebaseMessagingService"
65    android:exported="false">
66    <intent-filter>
67        <action android:name="com.google.firebase.MESSAGING_EVENT" />
68    </intent-filter>
69</service>
70        -->
71        <meta-data
71-->src/main/AndroidManifest.xml:45:9-46:58
72            android:name="com.facebook.sdk.ApplicationId"
72-->src/main/AndroidManifest.xml:45:20-65
73            android:value="@string/facebook_app_id" />
73-->src/main/AndroidManifest.xml:46:17-56
74
75        <activity
75-->src/main/AndroidManifest.xml:48:13-52:52
76            android:name="com.facebook.FacebookActivity"
76-->src/main/AndroidManifest.xml:49:33-77
77            android:configChanges="keyboard|keyboardHidden|screenLayout|screenSize|orientation"
77-->src/main/AndroidManifest.xml:50:17-125
78            android:exported="true"
78-->src/main/AndroidManifest.xml:49:9-32
79            android:label="@string/app_name"
79-->src/main/AndroidManifest.xml:52:17-49
80            android:theme="@style/com_facebook_activity_theme" />
80-->[com.facebook.android:facebook-common:5.15.3] AndroidManifest.xml:33:13-63
81        <activity
81-->src/main/AndroidManifest.xml:53:13-62:24
82            android:name="com.facebook.CustomTabActivity"
82-->src/main/AndroidManifest.xml:54:17-62
83            android:exported="true" >
83-->src/main/AndroidManifest.xml:55:17-40
84            <intent-filter>
84-->src/main/AndroidManifest.xml:56:17-61:33
85                <action android:name="android.intent.action.VIEW" />
85-->src/main/AndroidManifest.xml:57:21-73
85-->src/main/AndroidManifest.xml:57:29-70
86
87                <category android:name="android.intent.category.DEFAULT" />
87-->src/main/AndroidManifest.xml:58:21-80
87-->src/main/AndroidManifest.xml:58:31-77
88                <category android:name="android.intent.category.BROWSABLE" />
88-->src/main/AndroidManifest.xml:59:21-82
88-->src/main/AndroidManifest.xml:59:31-79
89
90                <data android:scheme="@string/fb_login_protocol_scheme" />
90-->src/main/AndroidManifest.xml:60:21-79
90-->src/main/AndroidManifest.xml:60:27-76
91            </intent-filter>
92            <intent-filter>
92-->[com.facebook.android:facebook-common:5.15.3] AndroidManifest.xml:39:13-48:29
93                <action android:name="android.intent.action.VIEW" />
93-->src/main/AndroidManifest.xml:57:21-73
93-->src/main/AndroidManifest.xml:57:29-70
94
95                <category android:name="android.intent.category.DEFAULT" />
95-->src/main/AndroidManifest.xml:58:21-80
95-->src/main/AndroidManifest.xml:58:31-77
96                <category android:name="android.intent.category.BROWSABLE" />
96-->src/main/AndroidManifest.xml:59:21-82
96-->src/main/AndroidManifest.xml:59:31-79
97
98                <data
98-->src/main/AndroidManifest.xml:60:21-79
99                    android:host="cct.org.evillage.khawlafoundation"
100                    android:scheme="fbconnect" />
100-->src/main/AndroidManifest.xml:60:27-76
101            </intent-filter>
102        </activity>
103
104        <service
104-->[:react-native-firebase] AndroidManifest.xml:14:9-18:19
105            android:name="com.google.firebase.components.ComponentDiscoveryService"
105-->[:react-native-firebase] AndroidManifest.xml:14:18-89
106            android:directBootAware="true"
106-->[com.google.firebase:firebase-common:19.3.0] AndroidManifest.xml:34:13-43
107            android:exported="false" >
107-->[com.google.firebase:firebase-messaging:20.1.0] AndroidManifest.xml:37:13-37
108            <meta-data
108-->[:react-native-firebase] AndroidManifest.xml:15:13-17:85
109                android:name="com.google.firebase.components:io.invertase.firebase.ReactNativeFirebaseAppRegistrar"
109-->[:react-native-firebase] AndroidManifest.xml:16:17-116
110                android:value="com.google.firebase.components.ComponentRegistrar" />
110-->[:react-native-firebase] AndroidManifest.xml:17:17-82
111            <meta-data
111-->[com.google.firebase:firebase-measurement-connector-impl:15.0.0] AndroidManifest.xml:28:13-30:85
112                android:name="com.google.firebase.components:com.google.firebase.analytics.connector.internal.AnalyticsConnectorRegistrar"
112-->[com.google.firebase:firebase-measurement-connector-impl:15.0.0] AndroidManifest.xml:29:17-139
113                android:value="com.google.firebase.components.ComponentRegistrar" />
113-->[com.google.firebase:firebase-measurement-connector-impl:15.0.0] AndroidManifest.xml:30:17-82
114            <meta-data
114-->[com.google.firebase:firebase-messaging:20.1.0] AndroidManifest.xml:38:13-40:85
115                android:name="com.google.firebase.components:com.google.firebase.messaging.FirebaseMessagingRegistrar"
115-->[com.google.firebase:firebase-messaging:20.1.0] AndroidManifest.xml:39:17-119
116                android:value="com.google.firebase.components.ComponentRegistrar" />
116-->[com.google.firebase:firebase-messaging:20.1.0] AndroidManifest.xml:40:17-82
117            <meta-data
117-->[com.google.firebase:firebase-iid:20.0.2] AndroidManifest.xml:32:13-34:85
118                android:name="com.google.firebase.components:com.google.firebase.iid.Registrar"
118-->[com.google.firebase:firebase-iid:20.0.2] AndroidManifest.xml:33:17-96
119                android:value="com.google.firebase.components.ComponentRegistrar" />
119-->[com.google.firebase:firebase-iid:20.0.2] AndroidManifest.xml:34:17-82
120            <meta-data
120-->[com.google.firebase:firebase-datatransport:17.0.3] AndroidManifest.xml:28:13-30:85
121                android:name="com.google.firebase.components:com.google.firebase.datatransport.TransportRegistrar"
121-->[com.google.firebase:firebase-datatransport:17.0.3] AndroidManifest.xml:29:17-115
122                android:value="com.google.firebase.components.ComponentRegistrar" />
122-->[com.google.firebase:firebase-datatransport:17.0.3] AndroidManifest.xml:30:17-82
123        </service>
124
125        <receiver
125-->[com.google.firebase:firebase-analytics:15.0.2] AndroidManifest.xml:29:9-33:20
126            android:name="com.google.android.gms.measurement.AppMeasurementReceiver"
126-->[com.google.firebase:firebase-analytics:15.0.2] AndroidManifest.xml:30:13-85
127            android:enabled="true"
127-->[com.google.firebase:firebase-analytics:15.0.2] AndroidManifest.xml:31:13-35
128            android:exported="false" >
128-->[com.google.firebase:firebase-analytics:15.0.2] AndroidManifest.xml:32:13-37
129        </receiver>
130        <receiver
130-->[com.google.firebase:firebase-analytics:15.0.2] AndroidManifest.xml:34:9-42:20
131            android:name="com.google.android.gms.measurement.AppMeasurementInstallReferrerReceiver"
131-->[com.google.firebase:firebase-analytics:15.0.2] AndroidManifest.xml:35:13-100
132            android:enabled="true"
132-->[com.google.firebase:firebase-analytics:15.0.2] AndroidManifest.xml:36:13-35
133            android:exported="true"
133-->[com.google.firebase:firebase-analytics:15.0.2] AndroidManifest.xml:37:13-36
134            android:permission="android.permission.INSTALL_PACKAGES" >
134-->[com.google.firebase:firebase-analytics:15.0.2] AndroidManifest.xml:38:13-69
135            <intent-filter>
135-->[com.google.firebase:firebase-analytics:15.0.2] AndroidManifest.xml:39:13-41:29
136                <action android:name="com.android.vending.INSTALL_REFERRER" />
136-->[com.google.firebase:firebase-analytics:15.0.2] AndroidManifest.xml:40:17-79
136-->[com.google.firebase:firebase-analytics:15.0.2] AndroidManifest.xml:40:25-76
137            </intent-filter>
138        </receiver>
139
140        <service
140-->[com.google.firebase:firebase-analytics:15.0.2] AndroidManifest.xml:44:9-47:40
141            android:name="com.google.android.gms.measurement.AppMeasurementService"
141-->[com.google.firebase:firebase-analytics:15.0.2] AndroidManifest.xml:45:13-84
142            android:enabled="true"
142-->[com.google.firebase:firebase-analytics:15.0.2] AndroidManifest.xml:46:13-35
143            android:exported="false" />
143-->[com.google.firebase:firebase-analytics:15.0.2] AndroidManifest.xml:47:13-37
144        <service
144-->[com.google.firebase:firebase-analytics:15.0.2] AndroidManifest.xml:48:9-52:72
145            android:name="com.google.android.gms.measurement.AppMeasurementJobService"
145-->[com.google.firebase:firebase-analytics:15.0.2] AndroidManifest.xml:49:13-87
146            android:enabled="true"
146-->[com.google.firebase:firebase-analytics:15.0.2] AndroidManifest.xml:50:13-35
147            android:exported="false"
147-->[com.google.firebase:firebase-analytics:15.0.2] AndroidManifest.xml:51:13-37
148            android:permission="android.permission.BIND_JOB_SERVICE" />
148-->[com.google.firebase:firebase-analytics:15.0.2] AndroidManifest.xml:52:13-69
149
150        <receiver
150-->[:react-native-device-info] AndroidManifest.xml:10:9-17:20
151            android:name="com.learnium.RNDeviceInfo.RNDeviceReceiver"
151-->[:react-native-device-info] AndroidManifest.xml:11:13-70
152            android:enabled="true"
152-->[:react-native-device-info] AndroidManifest.xml:12:13-35
153            android:exported="true" >
153-->[:react-native-device-info] AndroidManifest.xml:13:13-36
154            <intent-filter>
154-->[com.google.firebase:firebase-analytics:15.0.2] AndroidManifest.xml:39:13-41:29
155                <action android:name="com.android.vending.INSTALL_REFERRER" />
155-->[com.google.firebase:firebase-analytics:15.0.2] AndroidManifest.xml:40:17-79
155-->[com.google.firebase:firebase-analytics:15.0.2] AndroidManifest.xml:40:25-76
156            </intent-filter>
157        </receiver>
158
159        <provider
159-->[:react-native-image-crop-picker] AndroidManifest.xml:12:9-20:20
160            android:name="androidx.core.content.FileProvider"
160-->[:react-native-image-crop-picker] AndroidManifest.xml:13:13-62
161            android:authorities="org.evillage.khawlafoundation.provider"
161-->[:react-native-image-crop-picker] AndroidManifest.xml:14:13-60
162            android:exported="false"
162-->[:react-native-image-crop-picker] AndroidManifest.xml:15:13-37
163            android:grantUriPermissions="true" >
163-->[:react-native-image-crop-picker] AndroidManifest.xml:16:13-47
164            <meta-data
164-->[:react-native-image-crop-picker] AndroidManifest.xml:17:13-19:58
165                android:name="android.support.FILE_PROVIDER_PATHS"
165-->[:react-native-image-crop-picker] AndroidManifest.xml:18:17-67
166                android:resource="@xml/provider_paths" />
166-->[:react-native-image-crop-picker] AndroidManifest.xml:19:17-55
167        </provider>
168
169        <activity
169-->[:react-native-image-crop-picker] AndroidManifest.xml:22:9-24:72
170            android:name="com.yalantis.ucrop.UCropActivity"
170-->[:react-native-image-crop-picker] AndroidManifest.xml:23:13-60
171            android:theme="@style/Theme.AppCompat.Light.NoActionBar" />
171-->[:react-native-image-crop-picker] AndroidManifest.xml:24:13-69
172
173        <provider
173-->[:react-native-image-picker] AndroidManifest.xml:10:9-18:20
174            android:name="com.imagepicker.FileProvider"
174-->[:react-native-image-picker] AndroidManifest.xml:11:13-56
175            android:authorities="org.evillage.khawlafoundation.provider"
175-->[:react-native-image-picker] AndroidManifest.xml:12:13-60
176            android:exported="false"
176-->[:react-native-image-picker] AndroidManifest.xml:13:13-37
177            android:grantUriPermissions="true" >
177-->[:react-native-image-picker] AndroidManifest.xml:14:13-47
178            <meta-data
178-->[:react-native-image-crop-picker] AndroidManifest.xml:17:13-19:58
179                android:name="android.support.FILE_PROVIDER_PATHS"
179-->[:react-native-image-crop-picker] AndroidManifest.xml:18:17-67
180                android:resource="@xml/provider_paths" />
180-->[:react-native-image-crop-picker] AndroidManifest.xml:19:17-55
181        </provider>
182        <provider
182-->[:react-native-webview] AndroidManifest.xml:10:9-18:20
183            android:name="com.reactnativecommunity.webview.RNCWebViewFileProvider"
183-->[:react-native-webview] AndroidManifest.xml:11:13-83
184            android:authorities="org.evillage.khawlafoundation.fileprovider"
184-->[:react-native-webview] AndroidManifest.xml:12:13-64
185            android:exported="false"
185-->[:react-native-webview] AndroidManifest.xml:13:13-37
186            android:grantUriPermissions="true" >
186-->[:react-native-webview] AndroidManifest.xml:14:13-47
187            <meta-data
187-->[:react-native-image-crop-picker] AndroidManifest.xml:17:13-19:58
188                android:name="android.support.FILE_PROVIDER_PATHS"
188-->[:react-native-image-crop-picker] AndroidManifest.xml:18:17-67
189                android:resource="@xml/file_provider_paths" />
189-->[:react-native-image-crop-picker] AndroidManifest.xml:19:17-55
190        </provider>
191        <provider
191-->[:rn-fetch-blob] AndroidManifest.xml:34:9-42:20
192            android:name="com.RNFetchBlob.Utils.FileProvider"
192-->[:rn-fetch-blob] AndroidManifest.xml:35:13-62
193            android:authorities="org.evillage.khawlafoundation.provider"
193-->[:rn-fetch-blob] AndroidManifest.xml:36:13-60
194            android:exported="false"
194-->[:rn-fetch-blob] AndroidManifest.xml:37:13-37
195            android:grantUriPermissions="true" >
195-->[:rn-fetch-blob] AndroidManifest.xml:38:13-47
196            <meta-data
196-->[:react-native-image-crop-picker] AndroidManifest.xml:17:13-19:58
197                android:name="android.support.FILE_PROVIDER_PATHS"
197-->[:react-native-image-crop-picker] AndroidManifest.xml:18:17-67
198                android:resource="@xml/provider_paths" />
198-->[:react-native-image-crop-picker] AndroidManifest.xml:19:17-55
199        </provider>
200
201        <activity
201-->[com.google.android.gms:play-services-auth:16.0.1] AndroidManifest.xml:23:9-27:75
202            android:name="com.google.android.gms.auth.api.signin.internal.SignInHubActivity"
202-->[com.google.android.gms:play-services-auth:16.0.1] AndroidManifest.xml:24:13-93
203            android:excludeFromRecents="true"
203-->[com.google.android.gms:play-services-auth:16.0.1] AndroidManifest.xml:25:13-46
204            android:exported="false"
204-->[com.google.android.gms:play-services-auth:16.0.1] AndroidManifest.xml:26:13-37
205            android:theme="@android:style/Theme.Translucent.NoTitleBar" />
205-->[com.google.android.gms:play-services-auth:16.0.1] AndroidManifest.xml:27:13-72
206        <!--
207            Service handling Google Sign-In user revocation. For apps that do not integrate with
208            Google Sign-In, this service will never be started.
209        -->
210        <service
210-->[com.google.android.gms:play-services-auth:16.0.1] AndroidManifest.xml:33:9-36:110
211            android:name="com.google.android.gms.auth.api.signin.RevocationBoundService"
211-->[com.google.android.gms:play-services-auth:16.0.1] AndroidManifest.xml:34:13-89
212            android:exported="true"
212-->[com.google.android.gms:play-services-auth:16.0.1] AndroidManifest.xml:35:13-36
213            android:permission="com.google.android.gms.auth.api.signin.permission.REVOCATION_NOTIFICATION" /> <!-- Needs to be explicitly declared on P+ -->
213-->[com.google.android.gms:play-services-auth:16.0.1] AndroidManifest.xml:36:13-107
214        <uses-library
214-->[com.google.android.gms:play-services-maps:16.1.0] AndroidManifest.xml:33:9-35:40
215            android:name="org.apache.http.legacy"
215-->[com.google.android.gms:play-services-maps:16.1.0] AndroidManifest.xml:34:13-50
216            android:required="false" />
216-->[com.google.android.gms:play-services-maps:16.1.0] AndroidManifest.xml:35:13-37
217        <!--
218             FirebaseMessagingService performs security checks at runtime,
219             but set to not exported to explicitly avoid allowing another app to call it.
220        -->
221        <service
221-->[com.google.firebase:firebase-messaging:20.1.0] AndroidManifest.xml:28:9-34:19
222            android:name="com.google.firebase.messaging.FirebaseMessagingService"
222-->[com.google.firebase:firebase-messaging:20.1.0] AndroidManifest.xml:29:13-82
223            android:exported="false" >
223-->[com.google.firebase:firebase-messaging:20.1.0] AndroidManifest.xml:30:13-37
224            <intent-filter android:priority="-500" >
224-->[com.google.firebase:firebase-messaging:20.1.0] AndroidManifest.xml:31:13-33:29
224-->[com.google.firebase:firebase-messaging:20.1.0] AndroidManifest.xml:31:28-51
225                <action android:name="com.google.firebase.MESSAGING_EVENT" />
225-->[com.google.firebase:firebase-messaging:20.1.0] AndroidManifest.xml:32:17-78
225-->[com.google.firebase:firebase-messaging:20.1.0] AndroidManifest.xml:32:25-75
226            </intent-filter>
227        </service>
228
229        <receiver
229-->[com.google.firebase:firebase-iid:20.0.2] AndroidManifest.xml:37:9-44:20
230            android:name="com.google.firebase.iid.FirebaseInstanceIdReceiver"
230-->[com.google.firebase:firebase-iid:20.0.2] AndroidManifest.xml:38:13-78
231            android:exported="true"
231-->[com.google.firebase:firebase-iid:20.0.2] AndroidManifest.xml:39:13-36
232            android:permission="com.google.android.c2dm.permission.SEND" >
232-->[com.google.firebase:firebase-iid:20.0.2] AndroidManifest.xml:40:13-73
233            <intent-filter>
233-->[com.google.firebase:firebase-iid:20.0.2] AndroidManifest.xml:41:13-43:29
234                <action android:name="com.google.android.c2dm.intent.RECEIVE" />
234-->[com.google.firebase:firebase-iid:20.0.2] AndroidManifest.xml:42:17-81
234-->[com.google.firebase:firebase-iid:20.0.2] AndroidManifest.xml:42:25-78
235            </intent-filter>
236        </receiver>
237
238        <activity
238-->[com.google.android.gms:play-services-base:17.0.0] AndroidManifest.xml:23:9-26:75
239            android:name="com.google.android.gms.common.api.GoogleApiActivity"
239-->[com.google.android.gms:play-services-base:17.0.0] AndroidManifest.xml:24:13-79
240            android:exported="false"
240-->[com.google.android.gms:play-services-base:17.0.0] AndroidManifest.xml:25:13-37
241            android:theme="@android:style/Theme.Translucent.NoTitleBar" />
241-->[com.google.android.gms:play-services-base:17.0.0] AndroidManifest.xml:26:13-72
242        <activity android:name="com.facebook.CustomTabMainActivity" />
242-->[com.facebook.android:facebook-common:5.15.3] AndroidManifest.xml:34:9-71
242-->[com.facebook.android:facebook-common:5.15.3] AndroidManifest.xml:34:19-68
243
244        <provider
244-->[com.google.firebase:firebase-common:19.3.0] AndroidManifest.xml:26:9-30:39
245            android:name="com.google.firebase.provider.FirebaseInitProvider"
245-->[com.google.firebase:firebase-common:19.3.0] AndroidManifest.xml:27:13-77
246            android:authorities="org.evillage.khawlafoundation.firebaseinitprovider"
246-->[com.google.firebase:firebase-common:19.3.0] AndroidManifest.xml:28:13-72
247            android:exported="false"
247-->[com.google.firebase:firebase-common:19.3.0] AndroidManifest.xml:29:13-37
248            android:initOrder="100" />
248-->[com.google.firebase:firebase-common:19.3.0] AndroidManifest.xml:30:13-36
249
250        <meta-data
250-->[com.google.android.gms:play-services-basement:17.0.0] AndroidManifest.xml:23:9-25:69
251            android:name="com.google.android.gms.version"
251-->[com.google.android.gms:play-services-basement:17.0.0] AndroidManifest.xml:24:13-58
252            android:value="@integer/google_play_services_version" />
252-->[com.google.android.gms:play-services-basement:17.0.0] AndroidManifest.xml:25:13-66
253
254        <service
254-->[com.google.android.datatransport:transport-backend-cct:2.2.0] AndroidManifest.xml:29:9-35:19
255            android:name="com.google.android.datatransport.runtime.backends.TransportBackendDiscovery"
255-->[com.google.android.datatransport:transport-backend-cct:2.2.0] AndroidManifest.xml:30:13-103
256            android:exported="false" >
256-->[com.google.android.datatransport:transport-backend-cct:2.2.0] AndroidManifest.xml:31:13-37
257            <meta-data
257-->[com.google.android.datatransport:transport-backend-cct:2.2.0] AndroidManifest.xml:32:13-34:39
258                android:name="backend:com.google.android.datatransport.cct.CctBackendFactory"
258-->[com.google.android.datatransport:transport-backend-cct:2.2.0] AndroidManifest.xml:33:17-94
259                android:value="cct" />
259-->[com.google.android.datatransport:transport-backend-cct:2.2.0] AndroidManifest.xml:34:17-36
260        </service>
261        <service
261-->[com.google.android.datatransport:transport-runtime:2.2.0] AndroidManifest.xml:26:9-30:19
262            android:name="com.google.android.datatransport.runtime.scheduling.jobscheduling.JobInfoSchedulerService"
262-->[com.google.android.datatransport:transport-runtime:2.2.0] AndroidManifest.xml:27:13-117
263            android:exported="false"
263-->[com.google.android.datatransport:transport-runtime:2.2.0] AndroidManifest.xml:28:13-37
264            android:permission="android.permission.BIND_JOB_SERVICE" >
264-->[com.google.android.datatransport:transport-runtime:2.2.0] AndroidManifest.xml:29:13-69
265        </service>
266
267        <receiver
267-->[com.google.android.datatransport:transport-runtime:2.2.0] AndroidManifest.xml:32:9-34:40
268            android:name="com.google.android.datatransport.runtime.scheduling.jobscheduling.AlarmManagerSchedulerBroadcastReceiver"
268-->[com.google.android.datatransport:transport-runtime:2.2.0] AndroidManifest.xml:33:13-132
269            android:exported="false" />
269-->[com.google.android.datatransport:transport-runtime:2.2.0] AndroidManifest.xml:34:13-37
270        <!--
271         The initialization ContentProvider will call FacebookSdk.sdkInitialize automatically
272         with the application context. This config is merged in with the host app's manifest,
273         but there can only be one provider with the same authority activated at any given
274         point; so if the end user has two or more different apps that use Facebook SDK, only the
275         first one will be able to use the provider. To work around this problem, we use the
276         following placeholder in the authority to identify each host application as if it was
277         a completely different provider.
278        -->
279        <provider
279-->[com.facebook.android:facebook-core:5.15.3] AndroidManifest.xml:39:9-42:40
280            android:name="com.facebook.internal.FacebookInitProvider"
280-->[com.facebook.android:facebook-core:5.15.3] AndroidManifest.xml:40:13-70
281            android:authorities="org.evillage.khawlafoundation.FacebookInitProvider"
281-->[com.facebook.android:facebook-core:5.15.3] AndroidManifest.xml:41:13-72
282            android:exported="false" />
282-->[com.facebook.android:facebook-core:5.15.3] AndroidManifest.xml:42:13-37
283
284        <receiver
284-->[com.facebook.android:facebook-core:5.15.3] AndroidManifest.xml:44:9-50:20
285            android:name="com.facebook.CurrentAccessTokenExpirationBroadcastReceiver"
285-->[com.facebook.android:facebook-core:5.15.3] AndroidManifest.xml:45:13-86
286            android:exported="false" >
286-->[com.facebook.android:facebook-core:5.15.3] AndroidManifest.xml:46:13-37
287            <intent-filter>
287-->[com.facebook.android:facebook-core:5.15.3] AndroidManifest.xml:47:13-49:29
288                <action android:name="com.facebook.sdk.ACTION_CURRENT_ACCESS_TOKEN_CHANGED" />
288-->[com.facebook.android:facebook-core:5.15.3] AndroidManifest.xml:48:17-95
288-->[com.facebook.android:facebook-core:5.15.3] AndroidManifest.xml:48:25-92
289            </intent-filter>
290        </receiver>
291    </application>
292
293</manifest>